#
# A fatal error has been detected by the Java Runtime Environment:
#
#  EXCEPTION_ACCESS_VIOLATION (0xc0000005) at pc=0x04158f8c, pid=2544, tid=3124
#
# JRE version: 6.0_23-b05
# Java VM: Java HotSpot(TM) Client VM (19.0-b09 mixed mode, sharing windows-x86 )
# Problematic frame:
# C  [OpenAL32.dll+0x18f8c]
#
# If you would like to submit a bug report, please visit:
#   http://java.sun.com/webapps/bugreport/crash.jsp
#

---------------  T H R E A D  ---------------

Current thread (0x02b5a000):  VMThread [stack: 0x02c40000,0x02c90000] [id=3124]

siginfo: ExceptionCode=0xc0000005, reading address 0x084eb3e0

Registers:
EAX=0x084eb3e0, EBX=0x7c901000, ECX=0x00000000, EDX=0x00000000
ESP=0x02c8fbb8, EBP=0x00000000, ESI=0x08433fe8, EDI=0x00000000
EIP=0x04158f8c, EFLAGS=0x00010206

Register to memory mapping:

EAX=0x084eb3e0

[error occurred during error reporting (printing registers, top of stack, instructions near pc), id 0xc0000005]

Stack: [0x02c40000,0x02c90000],  sp=0x02c8fbb8,  free space=318k
Native frames: (J=compiled Java code, j=interpreted, Vv=VM code, C=native code)
C  [OpenAL32.dll+0x18f8c]

[error occurred during error reporting (printing native stack), id 0xc0000005]

VM_Operation (0x0092f890): Exit, mode: safepoint, requested by thread 0x00846800


---------------  P R O C E S S  ---------------

Java Threads: ( => current thread )
  0x02ece800 JavaThread "AWT-Shutdown" [_thread_blocked, id=1016, stack(0x06db0000,0x06e00000)]
  0x02f2fc00 JavaThread "Java2D Disposer" daemon [_thread_blocked, id=3652, stack(0x040e0000,0x04130000)]
  0x02baac00 JavaThread "Low Memory Detector" daemon [_thread_blocked, id=3716, stack(0x02e20000,0x02e70000)]
  0x02ba4000 JavaThread "CompilerThread0" daemon [_thread_blocked, id=3248, stack(0x02dd0000,0x02e20000)]
  0x02ba2800 JavaThread "Attach Listener" daemon [_thread_blocked, id=1516, stack(0x02d80000,0x02dd0000)]
  0x02b60400 JavaThread "Finalizer" daemon [_thread_blocked, id=3808, stack(0x02ce0000,0x02d30000)]
  0x02b5b800 JavaThread "Reference Handler" daemon [_thread_blocked, id=1624, stack(0x02c90000,0x02ce0000)]
  0x00846800 JavaThread "main" [_thread_blocked, id=1924, stack(0x008e0000,0x00930000)]

Other Threads:
=>0x02b5a000 VMThread [stack: 0x02c40000,0x02c90000] [id=3124]

VM state:at safepoint (shutting down)

VM Mutex/Monitor currently owned by a thread:  ([mutex/lock_event])
[0x00845730] Threads_lock - owner thread: 0x02b5a000

Heap
 def new generation   total 4928K, used 2260K [0x22990000, 0x22ee0000, 0x27ee0000)
  eden space 4416K,  48% used [0x22990000, 0x22bac5f0, 0x22de0000)
  from space 512K,  19% used [0x22e60000, 0x22e78c70, 0x22ee0000)
  to   space 512K,   0% used [0x22de0000, 0x22de0000, 0x22e60000)
 tenured generation   total 10944K, used 4023K [0x27ee0000, 0x28990000, 0x32990000)
   the space 10944K,  36% used [0x27ee0000, 0x282cdf48, 0x282ce000, 0x28990000)
 compacting perm gen  total 12288K, used 2289K [0x32990000, 0x33590000, 0x36990000)
   the space 12288K,  18% used [0x32990000, 0x32bcc458, 0x32bcc600, 0x33590000)
    ro space 10240K,  51% used [0x36990000, 0x36ebbd20, 0x36ebbe00, 0x37390000)
    rw space 12288K,  54% used [0x37390000, 0x37a27d58, 0x37a27e00, 0x37f90000)

Dynamic libraries:
0x00400000 - 0x00424000 	C:\Program Files\Java\jre6\bin\javaw.exe
0x7c900000 - 0x7c9b2000 	C:\WINDOWS\system32\ntdll.dll
0x7c800000 - 0x7c8f6000 	C:\WINDOWS\system32\kernel32.dll
0x77dd0000 - 0x77e6b000 	C:\WINDOWS\system32\ADVAPI32.dll
0x77e70000 - 0x77f03000 	C:\WINDOWS\system32\RPCRT4.dll
0x77fe0000 - 0x77ff1000 	C:\WINDOWS\system32\Secur32.dll
0x7e410000 - 0x7e4a1000 	C:\WINDOWS\system32\USER32.dll
0x77f10000 - 0x77f59000 	C:\WINDOWS\system32\GDI32.dll
0x76390000 - 0x763ad000 	C:\WINDOWS\system32\IMM32.DLL
0x629c0000 - 0x629c9000 	C:\WINDOWS\system32\LPK.DLL
0x74d90000 - 0x74dfb000 	C:\WINDOWS\system32\USP10.dll
0x7c340000 - 0x7c396000 	C:\Program Files\Java\jre6\bin\msvcr71.dll
0x6d7f0000 - 0x6da9c000 	C:\Program Files\Java\jre6\bin\client\jvm.dll
0x76b40000 - 0x76b6d000 	C:\WINDOWS\system32\WINMM.dll
0x6d7a0000 - 0x6d7ac000 	C:\Program Files\Java\jre6\bin\verify.dll
0x6d320000 - 0x6d33f000 	C:\Program Files\Java\jre6\bin\java.dll
0x6d280000 - 0x6d288000 	C:\Program Files\Java\jre6\bin\hpi.dll
0x76bf0000 - 0x76bfb000 	C:\WINDOWS\system32\PSAPI.DLL
0x6d7e0000 - 0x6d7ef000 	C:\Program Files\Java\jre6\bin\zip.dll
0x10000000 - 0x10047000 	T:\workspace\THSGS\lib\lwjgl.dll
0x5ed00000 - 0x5edcc000 	C:\WINDOWS\system32\OPENGL32.dll
0x77c10000 - 0x77c68000 	C:\WINDOWS\system32\msvcrt.dll
0x68b20000 - 0x68b40000 	C:\WINDOWS\system32\GLU32.dll
0x73760000 - 0x737ab000 	C:\WINDOWS\system32\DDRAW.dll
0x73bc0000 - 0x73bc6000 	C:\WINDOWS\system32\DCIMAN32.dll
0x77c00000 - 0x77c08000 	C:\WINDOWS\system32\VERSION.dll
0x773d0000 - 0x774d3000 	C:\WINDOWS\WinSxS\x86_Microsoft.Windows.Common-Controls_6595b64144ccf1df_6.0.2600.6028_x-ww_61e65202\COMCTL32.dll
0x77f60000 - 0x77fd6000 	C:\WINDOWS\system32\SHLWAPI.dll
0x5ad70000 - 0x5ada8000 	C:\WINDOWS\system32\uxtheme.dll
0x03ba0000 - 0x03c18000 	C:\Program Files\360\360safe\safemon\safemon.dll
0x7c9c0000 - 0x7d1d7000 	C:\WINDOWS\system32\SHELL32.dll
0x774e0000 - 0x7761e000 	C:\WINDOWS\system32\ole32.dll
0x77120000 - 0x771ab000 	C:\WINDOWS\system32\OLEAUT32.dll
0x76380000 - 0x76385000 	C:\WINDOWS\system32\MSIMG32.dll
0x76080000 - 0x760e5000 	C:\WINDOWS\system32\MSVCP60.dll
0x771b0000 - 0x7725a000 	C:\WINDOWS\system32\WININET.dll
0x77a80000 - 0x77b15000 	C:\WINDOWS\system32\CRYPT32.dll
0x77b20000 - 0x77b32000 	C:\WINDOWS\system32\MSASN1.dll
0x71ab0000 - 0x71ac7000 	C:\WINDOWS\system32\WS2_32.dll
0x71aa0000 - 0x71aa8000 	C:\WINDOWS\system32\WS2HELP.dll
0x74720000 - 0x7476c000 	C:\WINDOWS\system32\MSCTF.dll
0x755c0000 - 0x755ee000 	C:\WINDOWS\system32\msctfime.ime
0x69030000 - 0x69bcd000 	C:\WINDOWS\system32\atioglxx.dll
0x03e10000 - 0x03e2f000 	C:\WINDOWS\system32\atiadlxx.dll
0x77920000 - 0x77a13000 	C:\WINDOWS\system32\SETUPAPI.dll
0x78130000 - 0x781cb000 	C:\WINDOWS\WinSxS\x86_Microsoft.VC80.CRT_1fc8b3b9a1e18e3b_8.0.50727.4053_x-ww_e6967989\MSVCR80.dll
0x73b30000 - 0x73b45000 	C:\WINDOWS\system32\mscms.dll
0x73000000 - 0x73026000 	C:\WINDOWS\system32\WINSPOOL.DRV
0x66e90000 - 0x66ed1000 	C:\WINDOWS\system32\icm32.dll
0x6d000000 - 0x6d14a000 	C:\Program Files\Java\jre6\bin\awt.dll
0x6d230000 - 0x6d27f000 	C:\Program Files\Java\jre6\bin\fontmanager.dll
0x6d600000 - 0x6d613000 	C:\Program Files\Java\jre6\bin\net.dll
0x6d620000 - 0x6d629000 	C:\Program Files\Java\jre6\bin\nio.dll
0x04140000 - 0x0417a000 	T:\workspace\THSGS\lib\OpenAL32.dll
0x78520000 - 0x785c3000 	C:\WINDOWS\WinSxS\x86_Microsoft.VC90.CRT_1fc8b3b9a1e18e3b_9.0.30729.4148_x-ww_d495ac4e\MSVCR90.dll
0x73f10000 - 0x73f6c000 	C:\WINDOWS\system32\dsound.dll
0x76c30000 - 0x76c5e000 	C:\WINDOWS\system32\WINTRUST.dll
0x76c90000 - 0x76cb8000 	C:\WINDOWS\system32\IMAGEHLP.dll
0x72d20000 - 0x72d29000 	C:\WINDOWS\system32\wdmaud.drv
0x72d10000 - 0x72d18000 	C:\WINDOWS\system32\msacm32.drv
0x77be0000 - 0x77bf5000 	C:\WINDOWS\system32\MSACM32.dll
0x77bd0000 - 0x77bd7000 	C:\WINDOWS\system32\midimap.dll
0x73ee0000 - 0x73ee4000 	C:\WINDOWS\system32\KsUser.dll

VM Arguments:
jvm_args: -Djava.library.path=T:\workspace\THSGS\lib -Dfile.encoding=Cp1252 
java_command: th121.THApp
Launcher Type: SUN_STANDARD

Environment Variables:
CLASSPATH=.;C:\Program Files\Java\jre6\lib\ext\QTJava.zip
PATH=C:/Program Files/Java/jre6/bin/client;C:/Program Files/Java/jre6/bin;C:/Program Files/Java/jre6/lib/i386;C:\WINDOWS\system32;C:\WINDOWS;C:\WINDOWS\System32\Wbem;C:\Program Files\ATI Technologies\ATI.ACE\Core-Static;C:\Program Files\QuickTime\QTSystem\
USERNAME=l352428
OS=Windows_NT
PROCESSOR_IDENTIFIER=x86 Family 15 Model 4 Stepping 3, GenuineIntel



---------------  S Y S T E M  ---------------

OS: Windows XP Build 2600 Service Pack 3

CPU:total 2 (1 cores per cpu, 2 threads per core) family 15 model 4 stepping 3, cmov, cx8, fxsr, mmx, sse, sse2, sse3, ht

Memory: 4k page, physical 2096364k(1488472k free), swap 4037848k(3525228k free)

vm_info: Java HotSpot(TM) Client VM (19.0-b09) for windows-x86 JRE (1.6.0_23-b05), built on Nov 12 2010 15:00:43 by "java_re" with MS VC++ 7.1 (VS2003)

time: Wed Dec 22 22:42:10 2010
elapsed time: 138 seconds

